#
# A fatal error has been detected by the Java Runtime Environment:
#
#  Internal Error (javaClasses.cpp:129), pid=2304, tid=6456
#  fatal error: Invalid layout of preloaded class
#
# JRE version: 7.0_17-b02
# Java VM: Java HotSpot(TM) Client VM (23.7-b01 mixed mode windows-x86 )
# Failed to write core dump. Minidumps are not enabled by default on client versions of Windows
#
# If you would like to submit a bug report, please visit:
#   http://bugreport.sun.com/bugreport/crash.jsp
#

---------------  T H R E A D  ---------------

Current thread (0x027fb000):  JavaThread "Unknown thread" [_thread_in_vm, id=6456, stack(0x00ec0000,0x00f10000)]

Stack: [0x00ec0000,0x00f10000],  sp=0x00f0f46c,  free space=317k
Native frames: (J=compiled Java code, j=interpreted, Vv=VM code, C=native code)
V  [jvm.dll+0x16f261]
V  [jvm.dll+0x1693d6]
V  [jvm.dll+0x2079f]
V  [jvm.dll+0x20826]
V  [jvm.dll+0x2e5bd]
V  [jvm.dll+0x2e869]
V  [jvm.dll+0x77ba1]
V  [jvm.dll+0x77f5b]
V  [jvm.dll+0x1290e1]
V  [jvm.dll+0x149b3a]
V  [jvm.dll+0xa98df]
C  [javaw.exe+0x13ca]
C  [javaw.exe+0x1e3c]
C  [javaw.exe+0xa5a1]
C  [javaw.exe+0xa62b]
C  [KERNEL32.DLL+0x28543]  BaseThreadInitThunk+0xe
C  [ntdll.dll+0x5ac69]  RtlInitializeExceptionChain+0x85
C  [ntdll.dll+0x5ac3c]  RtlInitializeExceptionChain+0x58


---------------  P R O C E S S  ---------------

Java Threads: ( => current thread )

Other Threads:

=>0x027fb000 (exited) JavaThread "Unknown thread" [_thread_in_vm, id=6456, stack(0x00ec0000,0x00f10000)]

VM state:not at safepoint (not fully initialized)

VM Mutex/Monitor currently owned by a thread: None

GC Heap History (0 events):
No events

Deoptimization events (0 events):
No events

Internal exceptions (0 events):
No events

Events (10 events):
Event: 0.018 loading class 0x02824b08 done
Event: 0.018 loading class 0x028062d8 done
Event: 0.018 loading class 0x02806210
Event: 0.018 loading class 0x02826d88
Event: 0.019 loading class 0x02826d88 done
Event: 0.019 loading class 0x028272c8
Event: 0.019 loading class 0x028272c8 done
Event: 0.019 loading class 0x02871308
Event: 0.019 loading class 0x02871308 done
Event: 0.019 loading class 0x02806210 done


Dynamic libraries:
0x00080000 - 0x000af000 	C:\Program Files (x86)\Java\jre7\bin\javaw.exe
0x77660000 - 0x777b7000 	C:\Windows\SYSTEM32\ntdll.dll
0x76180000 - 0x762b0000 	C:\Windows\SYSTEM32\KERNEL32.DLL
0x760d0000 - 0x76176000 	C:\Windows\SYSTEM32\KERNELBASE.dll
0x75800000 - 0x758ae000 	C:\Windows\SYSTEM32\ADVAPI32.dll
0x75cf0000 - 0x75e06000 	C:\Windows\SYSTEM32\USER32.dll
0x747f0000 - 0x749e7000 	C:\Windows\WinSxS\x86_microsoft.windows.common-controls_6595b64144ccf1df_6.0.9200.16384_none_893961408605e985\COMCTL32.dll
0x75390000 - 0x75441000 	C:\Windows\SYSTEM32\msvcrt.dll
0x77560000 - 0x77594000 	C:\Windows\SYSTEM32\sechost.dll
0x75990000 - 0x75a3c000 	C:\Windows\SYSTEM32\RPCRT4.dll
0x75500000 - 0x755fd000 	C:\Windows\SYSTEM32\GDI32.dll
0x74ca0000 - 0x74cbc000 	C:\Windows\SYSTEM32\SspiCli.dll
0x74c90000 - 0x74c99000 	C:\Windows\SYSTEM32\CRYPTBASE.dll
0x74c30000 - 0x74c81000 	C:\Windows\SYSTEM32\bcryptPrimitives.dll
0x754e0000 - 0x75500000 	C:\Windows\system32\IMM32.DLL
0x758b0000 - 0x7598d000 	C:\Windows\SYSTEM32\MSCTF.dll
0x5e9a0000 - 0x5ea5e000 	C:\Program Files (x86)\Java\jre7\bin\msvcr100.dll
0x5ee90000 - 0x5f1dc000 	C:\Program Files (x86)\Java\jre7\bin\client\jvm.dll
0x74ba0000 - 0x74ba8000 	C:\Windows\SYSTEM32\WSOCK32.dll
0x74bf0000 - 0x74c11000 	C:\Windows\SYSTEM32\WINMM.dll
0x76400000 - 0x76406000 	C:\Windows\SYSTEM32\PSAPI.DLL
0x75c50000 - 0x75ca0000 	C:\Windows\SYSTEM32\WS2_32.dll
0x74a90000 - 0x74aba000 	C:\Windows\SYSTEM32\WINMMBASE.dll
0x75a40000 - 0x75a48000 	C:\Windows\SYSTEM32\NSI.dll
0x6fb10000 - 0x6fb1c000 	C:\Program Files (x86)\Java\jre7\bin\verify.dll
0x6f9a0000 - 0x6f9c0000 	C:\Program Files (x86)\Java\jre7\bin\java.dll
0x6f1d0000 - 0x6f1e3000 	C:\Program Files (x86)\Java\jre7\bin\zip.dll
0x5e870000 - 0x5e999000 	C:\Windows\SYSTEM32\dbghelp.dll

VM Arguments:
jvm_args: -Dfile.encoding=Cp1252 -Xbootclasspath:C:\Program Files (x86)\Android\android-sdk\platforms\android-17\android.jar;C:\Program Files (x86)\Android\android-sdk\add-ons\addon-google_apis-google-17\libs\effects.jar;C:\Program Files (x86)\Android\android-sdk\add-ons\addon-google_apis-google-17\libs\usb.jar;C:\Program Files (x86)\Android\android-sdk\add-ons\addon-google_apis-google-17\libs\maps.jar 
java_command: com.example.Database
Launcher Type: SUN_STANDARD

Environment Variables:
CLASSPATH=C:\Program Files (x86)\Android\android-sdk\platforms\android-17\android;E:\ServerWindow\Wifi-Locator\Wifi\src
PATH=C:/Program Files (x86)/Java/jre7/bin/client;C:/Program Files (x86)/Java/jre7/bin;C:/Program Files (x86)/Java/jre7/lib/i386;C:\Program Files (x86)\Intel\iCLS Client\;C:\Program Files\Intel\iCLS Client\;C:\Program Files (x86)\AMD APP\bin\x86_64;C:\Program Files (x86)\AMD APP\bin\x86;C:\Windows\system32;C:\Windows;C:\Windows\System32\Wbem;C:\Windows\System32\WindowsPowerShell\v1.0\;C:\Program Files\7-Zip;C:\Program Files (x86)\QuickTime Alternative\QTSystem;C:\Program Files (x86)\ATI Technologies\ATI.ACE\Core-Static;C:\VXIPNP\WinNT\Bin;C:\Program Files (x86)\leJOS NXJ\bin;C:\Program Files\Intel\Intel(R) Management Engine Components\DAL;C:\Program Files\Intel\Intel(R) Management Engine Components\IPT;C:\Program Files (x86)\Intel\Intel(R) Management Engine Components\DAL;C:\Program Files (x86)\Intel\Intel(R) Management Engine Components\IPT;C:\Program Files (x86)\Java\jdk1.7.0_17\bin;C:\Users\trunganhdinh\Downloads\Compressed\eclipse-SDK-4.2.2-win32\eclipse;
USERNAME=trunganhdinh
OS=Windows_NT
PROCESSOR_IDENTIFIER=Intel64 Family 6 Model 58 Stepping 9, GenuineIntel



---------------  S Y S T E M  ---------------

OS: Windows 8 , 64 bit Build 9200 

CPU:total 4 (2 cores per cpu, 2 threads per core) family 6 model 58 stepping 9, cmov, cx8, fxsr, mmx, sse, sse2, sse3, ssse3, sse4.1, sse4.2, popcnt, avx, ht, tsc, tscinvbit, tscinv

Memory: 4k page, physical 8260968k(5390412k free), swap 9506152k(6177696k free)

vm_info: Java HotSpot(TM) Client VM (23.7-b01) for windows-x86 JRE (1.7.0_17-b02), built on Mar  1 2013 05:04:36 by "java_re" with unknown MS VC++:1600

time: Sun Apr 14 23:31:49 2013
elapsed time: 0 seconds

