#
# A fatal error has been detected by the Java Runtime Environment:
#
#  Internal Error (javaClasses.cpp:129), pid=4924, tid=3240
#  fatal error: Invalid layout of preloaded class
#
# JRE version: 7.0_17-b02
# Java VM: Java HotSpot(TM) Client VM (23.7-b01 mixed mode windows-x86 )
# Failed to write core dump. Minidumps are not enabled by default on client versions of Windows
#
# If you would like to submit a bug report, please visit:
#   http://bugreport.sun.com/bugreport/crash.jsp
#

---------------  T H R E A D  ---------------

Current thread (0x0258b000):  JavaThread "Unknown thread" [_thread_in_vm, id=3240, stack(0x00870000,0x008c0000)]

Stack: [0x00870000,0x008c0000],  sp=0x008bfa30,  free space=318k
Native frames: (J=compiled Java code, j=interpreted, Vv=VM code, C=native code)
V  [jvm.dll+0x16f261]
V  [jvm.dll+0x1693d6]
V  [jvm.dll+0x2079f]
V  [jvm.dll+0x20826]
V  [jvm.dll+0x2e5bd]
V  [jvm.dll+0x2e869]
V  [jvm.dll+0x77ba1]
V  [jvm.dll+0x77f5b]
V  [jvm.dll+0x1290e1]
V  [jvm.dll+0x149b3a]
V  [jvm.dll+0xa98df]
C  [javaw.exe+0x13ca]
C  [javaw.exe+0x1e3c]
C  [javaw.exe+0xa5a1]
C  [javaw.exe+0xa62b]
C  [KERNEL32.DLL+0x28543]  BaseThreadInitThunk+0xe
C  [ntdll.dll+0x5ac69]  RtlInitializeExceptionChain+0x85
C  [ntdll.dll+0x5ac3c]  RtlInitializeExceptionChain+0x58


---------------  P R O C E S S  ---------------

Java Threads: ( => current thread )

Other Threads:

=>0x0258b000 (exited) JavaThread "Unknown thread" [_thread_in_vm, id=3240, stack(0x00870000,0x008c0000)]

VM state:not at safepoint (not fully initialized)

VM Mutex/Monitor currently owned by a thread: None

GC Heap History (0 events):
No events

Deoptimization events (0 events):
No events

Internal exceptions (0 events):
No events

Events (10 events):
Event: 0.015 loading class 0x00d84c00 done
Event: 0.016 loading class 0x00d65df8 done
Event: 0.016 loading class 0x00d65dd0
Event: 0.016 loading class 0x00d87198
Event: 0.016 loading class 0x00d87198 done
Event: 0.016 loading class 0x00d87278
Event: 0.016 loading class 0x00d87278 done
Event: 0.016 loading class 0x00dd1410
Event: 0.016 loading class 0x00dd1410 done
Event: 0.017 loading class 0x00d65dd0 done


Dynamic libraries:
0x00e90000 - 0x00ebf000 	C:\Program Files (x86)\Java\jre7\bin\javaw.exe
0x77c70000 - 0x77dc7000 	C:\Windows\SYSTEM32\ntdll.dll
0x76110000 - 0x76240000 	C:\Windows\SYSTEM32\KERNEL32.DLL
0x75330000 - 0x753d6000 	C:\Windows\SYSTEM32\KERNELBASE.dll
0x763f0000 - 0x7649e000 	C:\Windows\SYSTEM32\ADVAPI32.dll
0x75c40000 - 0x75d56000 	C:\Windows\SYSTEM32\USER32.dll
0x74e60000 - 0x75057000 	C:\Windows\WinSxS\x86_microsoft.windows.common-controls_6595b64144ccf1df_6.0.9200.16384_none_893961408605e985\COMCTL32.dll
0x769d0000 - 0x76a81000 	C:\Windows\SYSTEM32\msvcrt.dll
0x763b0000 - 0x763e4000 	C:\Windows\SYSTEM32\sechost.dll
0x766e0000 - 0x7678c000 	C:\Windows\SYSTEM32\RPCRT4.dll
0x76580000 - 0x7667d000 	C:\Windows\SYSTEM32\GDI32.dll
0x75310000 - 0x7532c000 	C:\Windows\SYSTEM32\SspiCli.dll
0x75300000 - 0x75309000 	C:\Windows\SYSTEM32\CRYPTBASE.dll
0x752a0000 - 0x752f1000 	C:\Windows\SYSTEM32\bcryptPrimitives.dll
0x75890000 - 0x758b0000 	C:\Windows\system32\IMM32.DLL
0x768f0000 - 0x769cd000 	C:\Windows\SYSTEM32\MSCTF.dll
0x5f0c0000 - 0x5f17e000 	C:\Program Files (x86)\Java\jre7\bin\msvcr100.dll
0x64550000 - 0x6489c000 	C:\Program Files (x86)\Java\jre7\bin\client\jvm.dll
0x75210000 - 0x75218000 	C:\Windows\SYSTEM32\WSOCK32.dll
0x75260000 - 0x75281000 	C:\Windows\SYSTEM32\WINMM.dll
0x75a90000 - 0x75a96000 	C:\Windows\SYSTEM32\PSAPI.DLL
0x75800000 - 0x75850000 	C:\Windows\SYSTEM32\WS2_32.dll
0x75100000 - 0x7512a000 	C:\Windows\SYSTEM32\WINMMBASE.dll
0x768e0000 - 0x768e8000 	C:\Windows\SYSTEM32\NSI.dll
0x6ffc0000 - 0x6ffcc000 	C:\Program Files (x86)\Java\jre7\bin\verify.dll
0x6f790000 - 0x6f7b0000 	C:\Program Files (x86)\Java\jre7\bin\java.dll
0x6f770000 - 0x6f783000 	C:\Program Files (x86)\Java\jre7\bin\zip.dll
0x5da40000 - 0x5db69000 	C:\Windows\SYSTEM32\dbghelp.dll

VM Arguments:
jvm_args: -Dfile.encoding=Cp1252 -Xbootclasspath:C:\Program Files (x86)\Android\android-sdk\platforms\android-17\android.jar;C:\Program Files (x86)\Android\android-sdk\add-ons\addon-google_apis-google-17\libs\effects.jar;C:\Program Files (x86)\Android\android-sdk\add-ons\addon-google_apis-google-17\libs\usb.jar;C:\Program Files (x86)\Android\android-sdk\add-ons\addon-google_apis-google-17\libs\maps.jar 
java_command: com.example.server.Server
Launcher Type: SUN_STANDARD

Environment Variables:
CLASSPATH=C:\Program Files (x86)\Android\android-sdk\platforms\android-17\android;E:\Wifi-Locator\Wifi\src\
PATH=C:/Program Files (x86)/Java/jre7/bin/client;C:/Program Files (x86)/Java/jre7/bin;C:/Program Files (x86)/Java/jre7/lib/i386;C:\Program Files (x86)\Intel\iCLS Client\;C:\Program Files\Intel\iCLS Client\;C:\Program Files (x86)\AMD APP\bin\x86_64;C:\Program Files (x86)\AMD APP\bin\x86;C:\Windows\system32;C:\Windows;C:\Windows\System32\Wbem;C:\Windows\System32\WindowsPowerShell\v1.0\;C:\Program Files\7-Zip;C:\Program Files (x86)\QuickTime Alternative\QTSystem;C:\Program Files (x86)\ATI Technologies\ATI.ACE\Core-Static;C:\VXIPNP\WinNT\Bin;C:\Program Files (x86)\leJOS NXJ\bin;C:\Program Files\Intel\Intel(R) Management Engine Components\DAL;C:\Program Files\Intel\Intel(R) Management Engine Components\IPT;C:\Program Files (x86)\Intel\Intel(R) Management Engine Components\DAL;C:\Program Files (x86)\Intel\Intel(R) Management Engine Components\IPT;C:\Program Files (x86)\Java\jdk1.7.0_17\bin;C:\Users\trunganhdinh\Downloads\Compressed\eclipse-SDK-4.2.2-win32\eclipse;
USERNAME=trunganhdinh
OS=Windows_NT
PROCESSOR_IDENTIFIER=Intel64 Family 6 Model 58 Stepping 9, GenuineIntel



---------------  S Y S T E M  ---------------

OS: Windows 8 , 64 bit Build 9200 

CPU:total 4 (2 cores per cpu, 2 threads per core) family 6 model 58 stepping 9, cmov, cx8, fxsr, mmx, sse, sse2, sse3, ssse3, sse4.1, sse4.2, popcnt, avx, ht, tsc, tscinvbit, tscinv

Memory: 4k page, physical 8260968k(6410116k free), swap 9506152k(7313556k free)

vm_info: Java HotSpot(TM) Client VM (23.7-b01) for windows-x86 JRE (1.7.0_17-b02), built on Mar  1 2013 05:04:36 by "java_re" with unknown MS VC++:1600

time: Thu Apr 11 12:05:29 2013
elapsed time: 0 seconds

